<?xml version="1.0" encoding="UTF-8"?>
<robot generator="Robot 7.0 (Python 3.11.8 on win32)" generated="2024-12-23T21:25:33.618175" rpa="false" schemaversion="5">
<suite id="s1" name="Input" source="C:\robotFramework\Automation-Rework\input.robot">
<test id="s1-t1" name="Input Test Case" line="9">
<kw name="Open Browser To Test Page">
<kw name="Open Browser" owner="SeleniumLibrary">
<msg time="2024-12-23T21:25:34.344397" level="INFO">Opening browser 'chrome' to base url 'https://testautomationpractice.blogspot.com/'.</msg>
<arg>${url}</arg>
<arg>${browser}</arg>
<doc>Opens a new browser instance to the optional ``url``.</doc>
<status status="PASS" start="2024-12-23T21:25:34.344397" elapsed="5.237915"/>
</kw>
<kw name="Wait Until Page Contains" owner="SeleniumLibrary">
<arg>Automation Testing Practice</arg>
<doc>Waits until ``text`` appears on the current page.</doc>
<status status="PASS" start="2024-12-23T21:25:39.582312" elapsed="0.032847"/>
</kw>
<kw name="Maximize Browser Window" owner="SeleniumLibrary">
<doc>Maximizes current browser window.</doc>
<status status="PASS" start="2024-12-23T21:25:39.616202" elapsed="0.064428"/>
</kw>
<status status="PASS" start="2024-12-23T21:25:34.343400" elapsed="5.338659"/>
</kw>
<kw name="Input Text" owner="SeleniumLibrary">
<msg time="2024-12-23T21:25:39.686341" level="INFO">Typing text 'All is well' into text field 'id=name'.</msg>
<arg>id=name</arg>
<arg>All is well</arg>
<doc>Types the given ``text`` into the text field identified by ``locator``.</doc>
<status status="PASS" start="2024-12-23T21:25:39.683200" elapsed="0.701358"/>
</kw>
<kw name="Input Text" owner="SeleniumLibrary">
<msg time="2024-12-23T21:25:40.385559" level="INFO">Typing text 'test@example.com' into text field 'id=email'.</msg>
<arg>id=email</arg>
<arg>test@example.com</arg>
<doc>Types the given ``text`` into the text field identified by ``locator``.</doc>
<status status="PASS" start="2024-12-23T21:25:40.385559" elapsed="0.352297"/>
</kw>
<kw name="Sleep" owner="BuiltIn">
<msg time="2024-12-23T21:25:45.739488" level="INFO">Slept 5 seconds.</msg>
<arg>5s</arg>
<doc>Pauses the test executed for the given time.</doc>
<status status="PASS" start="2024-12-23T21:25:40.739141" elapsed="5.000856"/>
</kw>
<kw name="Set Variable" owner="BuiltIn">
<msg time="2024-12-23T21:25:45.741724" level="INFO">${title} = Automation Testing Practice</msg>
<var>${title}</var>
<arg>Automation Testing Practice</arg>
<doc>Returns the given values which can then be assigned to a variables.</doc>
<status status="PASS" start="2024-12-23T21:25:45.741213" elapsed="0.000511"/>
</kw>
<kw name="Title Should Be" owner="SeleniumLibrary">
<msg time="2024-12-23T21:25:45.754636" level="INFO">Page title is 'Automation Testing Practice'.</msg>
<arg>${title}</arg>
<doc>Verifies that the current page title equals ``title``.</doc>
<status status="PASS" start="2024-12-23T21:25:45.741724" elapsed="0.012912"/>
</kw>
<kw name="Clear Element Text" owner="SeleniumLibrary">
<arg>id=email</arg>
<doc>Clears the value of the text-input-element identified by ``locator``.</doc>
<status status="PASS" start="2024-12-23T21:25:45.754636" elapsed="0.090348"/>
</kw>
<kw name="Sleep" owner="BuiltIn">
<msg time="2024-12-23T21:25:48.847071" level="INFO">Slept 3 seconds.</msg>
<arg>3s</arg>
<doc>Pauses the test executed for the given time.</doc>
<status status="PASS" start="2024-12-23T21:25:45.846940" elapsed="3.000131"/>
</kw>
<kw name="Close Browser" owner="SeleniumLibrary" type="TEARDOWN">
<doc>Closes the current browser.</doc>
<status status="PASS" start="2024-12-23T21:25:48.849077" elapsed="2.262697"/>
</kw>
<status status="PASS" start="2024-12-23T21:25:34.342399" elapsed="16.771355"/>
</test>
<status status="PASS" start="2024-12-23T21:25:33.622174" elapsed="17.494584"/>
</suite>
<statistics>
<total>
<stat pass="1" fail="0" skip="0">All Tests</stat>
</total>
<tag>
</tag>
<suite>
<stat pass="1" fail="0" skip="0" id="s1" name="Input">Input</stat>
</suite>
</statistics>
<errors>
</errors>
</robot>
