<?xml version="1.0" encoding="UTF-8"?>
<robot generator="Robot 7.0 (Python 3.11.8 on win32)" generated="2024-12-03T22:20:03.320600" rpa="false" schemaversion="5">
<suite id="s1" name="Test" source="C:\robotFramework\Automation\test.robot">
<test id="s1-t1" name="Google" line="10">
<kw name="insideGoogle">
<kw name="Open Browser" owner="SeleniumLibrary">
<msg time="2024-12-03T22:20:03.589499" level="INFO">Opening browser 'chrome' to base url 'https://www.google.com/'.</msg>
<arg>${url}</arg>
<arg>${browser}</arg>
<doc>Opens a new browser instance to the optional ``url``.</doc>
<status status="PASS" start="2024-12-03T22:20:03.588503" elapsed="3.173837"/>
</kw>
<kw name="Maximize Browser Window" owner="SeleniumLibrary">
<doc>Maximizes current browser window.</doc>
<status status="PASS" start="2024-12-03T22:20:06.763440" elapsed="0.058534"/>
</kw>
<kw name="Sleep" owner="BuiltIn">
<msg time="2024-12-03T22:20:11.823185" level="INFO">Slept 5 seconds.</msg>
<arg>5</arg>
<doc>Pauses the test executed for the given time.</doc>
<status status="PASS" start="2024-12-03T22:20:06.821974" elapsed="5.001211"/>
</kw>
<status status="PASS" start="2024-12-03T22:20:03.588503" elapsed="8.234682"/>
</kw>
<status status="PASS" start="2024-12-03T22:20:03.587462" elapsed="8.235723"/>
</test>
<status status="PASS" start="2024-12-03T22:20:03.322743" elapsed="8.502552"/>
</suite>
<statistics>
<total>
<stat pass="1" fail="0" skip="0">All Tests</stat>
</total>
<tag>
</tag>
<suite>
<stat pass="1" fail="0" skip="0" id="s1" name="Test">Test</stat>
</suite>
</statistics>
<errors>
</errors>
</robot>
