<?xml version="1.0" encoding="UTF-8"?>
<robot generator="Robot 7.0 (Python 3.11.8 on win32)" generated="2024-12-05T21:35:47.630848" rpa="false" schemaversion="5">
<suite id="s1" name="dradandDrop" source="C:\robotFramework\Automation\dradandDrop.robot">
<test id="s1-t1" name="dradAndDrop" line="6">
<kw name="Open Browser" owner="SeleniumLibrary">
<msg time="2024-12-05T21:35:48.156190" level="INFO">Opening browser 'chrome' to base url 'https://testautomationpractice.blogspot.com/'.</msg>
<arg>https://testautomationpractice.blogspot.com/</arg>
<arg>chrome</arg>
<doc>Opens a new browser instance to the optional ``url``.</doc>
<status status="PASS" start="2024-12-05T21:35:48.154902" elapsed="7.743133"/>
</kw>
<kw name="Maximize Browser Window" owner="SeleniumLibrary">
<doc>Maximizes current browser window.</doc>
<status status="PASS" start="2024-12-05T21:35:55.898035" elapsed="0.085163"/>
</kw>
<kw name="Sleep" owner="BuiltIn">
<msg time="2024-12-05T21:35:58.984864" level="INFO">Slept 3 seconds.</msg>
<arg>3</arg>
<doc>Pauses the test executed for the given time.</doc>
<status status="PASS" start="2024-12-05T21:35:55.983198" elapsed="3.001666"/>
</kw>
<kw name="Drag And Drop" owner="SeleniumLibrary">
<arg>id=draggable</arg>
<arg>id=droppable</arg>
<doc>Drags the element identified by ``locator`` into the ``target`` element.</doc>
<status status="PASS" start="2024-12-05T21:35:58.985431" elapsed="0.762973"/>
</kw>
<kw name="Sleep" owner="BuiltIn">
<msg time="2024-12-05T21:36:03.750416" level="INFO">Slept 4 seconds.</msg>
<arg>4</arg>
<doc>Pauses the test executed for the given time.</doc>
<status status="PASS" start="2024-12-05T21:35:59.748913" elapsed="4.001503"/>
</kw>
<kw name="Element Text Should Be" owner="SeleniumLibrary">
<msg time="2024-12-05T21:36:03.752460" level="INFO">Verifying element 'id=droppable' contains exact text 'Dropped!'.</msg>
<arg>id=droppable</arg>
<arg>Dropped!</arg>
<doc>Verifies that element ``locator`` contains exact the text ``expected``.</doc>
<status status="PASS" start="2024-12-05T21:36:03.752460" elapsed="0.061897"/>
</kw>
<status status="PASS" start="2024-12-05T21:35:48.152616" elapsed="15.662839"/>
</test>
<status status="PASS" start="2024-12-05T21:35:47.633110" elapsed="16.184931"/>
</suite>
<statistics>
<total>
<stat pass="1" fail="0" skip="0">All Tests</stat>
</total>
<tag>
</tag>
<suite>
<stat pass="1" fail="0" skip="0" id="s1" name="dradandDrop">dradandDrop</stat>
</suite>
</statistics>
<errors>
</errors>
</robot>
