<?xml version="1.0" encoding="UTF-8"?>
<robot generator="Robot 7.0 (Python 3.11.8 on win32)" generated="2024-12-23T22:19:06.533305" rpa="false" schemaversion="5">
<suite id="s1" name="Test Input" source="C:\robotFramework\tests\test_input.robot">
<test id="s1-t1" name="Input Test Case" line="9">
<kw name="Open Browser To Test Page">
<kw name="Open Browser" owner="SeleniumLibrary">
<msg time="2024-12-23T22:19:07.086106" level="INFO">Opening browser 'chrome' to base url 'https://testautomationpractice.blogspot.com/'.</msg>
<arg>${url}</arg>
<arg>${browser}</arg>
<doc>Opens a new browser instance to the optional ``url``.</doc>
<status status="PASS" start="2024-12-23T22:19:07.086106" elapsed="4.594921"/>
</kw>
<kw name="Wait Until Page Contains" owner="SeleniumLibrary">
<arg>Automation Testing Practice</arg>
<doc>Waits until ``text`` appears on the current page.</doc>
<status status="PASS" start="2024-12-23T22:19:11.682251" elapsed="2.908218"/>
</kw>
<kw name="Maximize Browser Window" owner="SeleniumLibrary">
<doc>Maximizes current browser window.</doc>
<status status="PASS" start="2024-12-23T22:19:14.591730" elapsed="0.104860"/>
</kw>
<status status="PASS" start="2024-12-23T22:19:07.084876" elapsed="7.611790"/>
</kw>
<kw name="Input Text" owner="SeleniumLibrary">
<msg time="2024-12-23T22:19:14.699968" level="INFO">Typing text 'All is well' into text field 'id=name'.</msg>
<arg>id=name</arg>
<arg>All is well</arg>
<doc>Types the given ``text`` into the text field identified by ``locator``.</doc>
<status status="PASS" start="2024-12-23T22:19:14.697665" elapsed="0.547576"/>
</kw>
<kw name="Input Text" owner="SeleniumLibrary">
<msg time="2024-12-23T22:19:15.246377" level="INFO">Typing text 'test@example.com' into text field 'id=email'.</msg>
<arg>id=email</arg>
<arg>test@example.com</arg>
<doc>Types the given ``text`` into the text field identified by ``locator``.</doc>
<status status="PASS" start="2024-12-23T22:19:15.246377" elapsed="0.399706"/>
</kw>
<kw name="Sleep" owner="BuiltIn">
<msg time="2024-12-23T22:19:20.647411" level="INFO">Slept 5 seconds.</msg>
<arg>5s</arg>
<doc>Pauses the test executed for the given time.</doc>
<status status="PASS" start="2024-12-23T22:19:15.647191" elapsed="5.000220"/>
</kw>
<kw name="Set Variable" owner="BuiltIn">
<msg time="2024-12-23T22:19:20.647411" level="INFO">${title} = Automation Testing Practice</msg>
<var>${title}</var>
<arg>Automation Testing Practice</arg>
<doc>Returns the given values which can then be assigned to a variables.</doc>
<status status="PASS" start="2024-12-23T22:19:20.647411" elapsed="0.000000"/>
</kw>
<kw name="Title Should Be" owner="SeleniumLibrary">
<msg time="2024-12-23T22:19:20.659551" level="INFO">Page title is 'Automation Testing Practice'.</msg>
<arg>${title}</arg>
<doc>Verifies that the current page title equals ``title``.</doc>
<status status="PASS" start="2024-12-23T22:19:20.647411" elapsed="0.012140"/>
</kw>
<kw name="Clear Element Text" owner="SeleniumLibrary">
<arg>id=email</arg>
<doc>Clears the value of the text-input-element identified by ``locator``.</doc>
<status status="PASS" start="2024-12-23T22:19:20.659551" elapsed="0.115623"/>
</kw>
<kw name="Sleep" owner="BuiltIn">
<msg time="2024-12-23T22:19:23.777486" level="INFO">Slept 3 seconds.</msg>
<arg>3s</arg>
<doc>Pauses the test executed for the given time.</doc>
<status status="PASS" start="2024-12-23T22:19:20.775174" elapsed="3.002312"/>
</kw>
<kw name="Close Browser" owner="SeleniumLibrary" type="TEARDOWN">
<doc>Closes the current browser.</doc>
<status status="PASS" start="2024-12-23T22:19:23.777486" elapsed="2.354113"/>
</kw>
<status status="PASS" start="2024-12-23T22:19:07.083620" elapsed="19.050911"/>
</test>
<status status="PASS" start="2024-12-23T22:19:06.536740" elapsed="19.597791"/>
</suite>
<statistics>
<total>
<stat pass="1" fail="0" skip="0">All Tests</stat>
</total>
<tag>
</tag>
<suite>
<stat pass="1" fail="0" skip="0" id="s1" name="Test Input">Test Input</stat>
</suite>
</statistics>
<errors>
</errors>
</robot>
